actionid: py27
msg: getenv
cmdargs: ['/home/frodo/Python-Projekte/.virtualenvs/pdf2textbox/.tox/py27/bin/pip', 'install', 'pytest', 'requests', 'pdfminer']

Collecting pytest
  Using cached https://files.pythonhosted.org/packages/76/52/fc48d02492d9e6070cb672d9133382e83084f567f88eff1c27bd2c6c27a8/pytest-3.5.1-py2.py3-none-any.whl
Collecting requests
  Using cached https://files.pythonhosted.org/packages/49/df/50aa1999ab9bde74656c2919d9c0c085fd2b3775fd3eca826012bef76d8c/requests-2.18.4-py2.py3-none-any.whl
Collecting pdfminer
  Using cached https://files.pythonhosted.org/packages/57/4f/e1df0437858188d2d36466a7bb89aa024d252bd0b7e3ba90cbc567c6c0b8/pdfminer-20140328.tar.gz
Collecting funcsigs; python_version < "3.0" (from pytest)
  Using cached https://files.pythonhosted.org/packages/69/cb/f5be453359271714c01b9bd06126eaf2e368f1fddfff30818754b5ac2328/funcsigs-1.0.2-py2.py3-none-any.whl
Collecting six>=1.10.0 (from pytest)
  Using cached https://files.pythonhosted.org/packages/67/4b/141a581104b1f6397bfa78ac9d43d8ad29a7ca43ea90a2d863fe3056e86a/six-1.11.0-py2.py3-none-any.whl
Collecting pluggy<0.7,>=0.5 (from pytest)
  Using cached https://files.pythonhosted.org/packages/82/05/43e3947125a2137cba4746135c75934ceed1863f27e050fc560052104a71/pluggy-0.6.0-py2-none-any.whl
Collecting py>=1.5.0 (from pytest)
  Using cached https://files.pythonhosted.org/packages/67/a5/f77982214dd4c8fd104b066f249adea2c49e25e8703d284382eb5e9ab35a/py-1.5.3-py2.py3-none-any.whl
Collecting attrs>=17.4.0 (from pytest)
  Using cached https://files.pythonhosted.org/packages/41/59/cedf87e91ed541be7957c501a92102f9cc6363c623a7666d69d51c78ac5b/attrs-18.1.0-py2.py3-none-any.whl
Requirement already satisfied: setuptools in ./.tox/py27/lib/python2.7/site-packages (from pytest) (39.1.0)
Collecting more-itertools>=4.0.0 (from pytest)
  Using cached https://files.pythonhosted.org/packages/4a/88/c28e2a2da8f3dc3a391d9c97ad949f2ea0c05198222e7e6af176e5bf9b26/more_itertools-4.1.0-py2-none-any.whl
Collecting urllib3<1.23,>=1.21.1 (from requests)
  Using cached https://files.pythonhosted.org/packages/63/cb/6965947c13a94236f6d4b8223e21beb4d576dc72e8130bd7880f600839b8/urllib3-1.22-py2.py3-none-any.whl
Collecting certifi>=2017.4.17 (from requests)
  Using cached https://files.pythonhosted.org/packages/7c/e6/92ad559b7192d846975fc916b65f667c7b8c3a32bea7372340bfe9a15fa5/certifi-2018.4.16-py2.py3-none-any.whl
Collecting chardet<3.1.0,>=3.0.2 (from requests)
  Using cached https://files.pythonhosted.org/packages/bc/a9/01ffebfb562e4274b6487b4bb1ddec7ca55ec7510b22e4c51f14098443b8/chardet-3.0.4-py2.py3-none-any.whl
Collecting idna<2.7,>=2.5 (from requests)
  Using cached https://files.pythonhosted.org/packages/27/cc/6dd9a3869f15c2edfab863b992838277279ce92663d334df9ecf5106f5c6/idna-2.6-py2.py3-none-any.whl
Building wheels for collected packages: pdfminer
  Running setup.py bdist_wheel for pdfminer: started
  Running setup.py bdist_wheel for pdfminer: finished with status 'done'
  Stored in directory: /home/frodo/.cache/pip/wheels/1b/af/91/b925461baf990ee92513dd451237a7570fca3e7f8dd5439e5b
Successfully built pdfminer
Installing collected packages: funcsigs, six, pluggy, py, attrs, more-itertools, pytest, urllib3, certifi, chardet, idna, requests, pdfminer
Successfully installed attrs-18.1.0 certifi-2018.4.16 chardet-3.0.4 funcsigs-1.0.2 idna-2.6 more-itertools-4.1.0 pdfminer-20140328 pluggy-0.6.0 py-1.5.3 pytest-3.5.1 requests-2.18.4 six-1.11.0 urllib3-1.22
