actionid: py36
msg: installpkg
<<<<<<< HEAD
cmdargs: ['/home/frodo/Python-Projekte/.virtualenvs/pdf2textbox/.tox/py36/bin/pip', 'install', '-U', '--no-deps', '/home/frodo/Python-Projekte/.virtualenvs/pdf2textbox/.tox/dist/pdf2textbox-0.1.2.zip']
=======
cmdargs: ['/home/sam/projects/vEnvs/pdf2textbox/pdf2textbox/.tox/py36/bin/pip', 'install', '-U', '--no-deps', '/home/sam/projects/vEnvs/pdf2textbox/pdf2textbox/.tox/dist/pdf2textbox-0.1.2.zip']
>>>>>>> 2f5a1b4853a844baa50e12ab1ae1bd3eadb01742

Processing ./.tox/dist/pdf2textbox-0.1.2.zip
Building wheels for collected packages: pdf2textbox
  Running setup.py bdist_wheel for pdf2textbox: started
  Running setup.py bdist_wheel for pdf2textbox: finished with status 'done'
<<<<<<< HEAD
  Stored in directory: /home/frodo/.cache/pip/wheels/93/cb/65/a1d2c9755e151b81b96548941d611e6522cd9b9e8d75f1fb13
=======
  Stored in directory: /home/sam/.cache/pip/wheels/ce/82/cd/7c1f47a9be29825ee1025636b26dd372cc2d46778f7ba758a8
>>>>>>> 2f5a1b4853a844baa50e12ab1ae1bd3eadb01742
Successfully built pdf2textbox
Installing collected packages: pdf2textbox
  Found existing installation: pdf2textbox 0.1.2
    Uninstalling pdf2textbox-0.1.2:
      Successfully uninstalled pdf2textbox-0.1.2
Successfully installed pdf2textbox-0.1.2
